Arguments: 
  C:\Program Files\nodejs\node.exe C:\Users\Admin\AppData\Roaming\npm\node_modules\yarn\bin\yarn.js add lodash-es

PATH: 
  C:\Windows\system32;C:\Windows;C:\Windows\System32\Wbem;C:\Windows\System32\WindowsPowerShell\v1.0\;C:\Windows\System32\OpenSSH\;C:\Program Files\nodejs\;C:\Program Files\Git\cmd;C:\Program Files\dotnet\;C:\Users\Admin\AppData\Local\Microsoft\WindowsApps;C:\Users\Admin\AppData\Roaming\npm;C:\Users\Admin\AppData\Local\Programs\Microsoft VS Code\bin

Yarn version: 
  1.22.18

Node version: 
  16.13.2

Platform: 
  win32 x64

Trace: 
  Error: https://registry.yarnpkg.com/rxjs/-/rxjs-7.4.0.tgz: ESOCKETTIMEDOUT
      at ClientRequest.<anonymous> (C:\Users\Admin\AppData\Roaming\npm\node_modules\yarn\lib\cli.js:141510:19)
      at Object.onceWrapper (node:events:509:28)
      at ClientRequest.emit (node:events:390:28)
      at TLSSocket.emitRequestTimeout (node:_http_client:763:9)
      at Object.onceWrapper (node:events:509:28)
      at TLSSocket.emit (node:events:402:35)
      at TLSSocket.Socket._onTimeout (node:net:501:8)
      at listOnTimeout (node:internal/timers:557:17)
      at processTimers (node:internal/timers:500:7)

npm manifest: 
  {
    "name": "validation1",
    "version": "0.0.0",
    "scripts": {
      "ng": "ng",
      "start": "ng serve",
      "build": "ng build",
      "watch": "ng build --watch --configuration development",
      "test": "ng test"
    },
    "private": true,
    "dependencies": {
      "@angular/animations": "~13.1.0",
      "@angular/cdk": "^13.3.3",
      "@angular/common": "~13.1.0",
      "@angular/compiler": "~13.1.0",
      "@angular/core": "~13.1.0",
      "@angular/forms": "~13.1.0",
      "@angular/material": "^13.3.3",
      "@angular/platform-browser": "~13.1.0",
      "@angular/platform-browser-dynamic": "~13.1.0",
      "@angular/router": "~13.1.0",
      "angular-material": "^1.2.5",
      "bootstrap": "^5.1.3",
      "ng2-search-filter": "^0.5.1",
      "ngx-filter-pipe": "^2.1.2",
      "rxjs": "~7.4.0",
      "tslib": "^2.3.0",
      "zone.js": "~0.11.4"
    },
    "devDependencies": {
      "@angular-devkit/build-angular": "~13.1.1",
      "@angular/cli": "~13.1.1",
      "@angular/compiler-cli": "~13.1.0",
      "@types/jasmine": "~3.10.0",
      "@types/node": "^12.11.1",
      "jasmine-core": "~3.10.0",
      "karma": "~6.3.0",
      "karma-chrome-launcher": "~3.1.0",
      "karma-coverage": "~2.1.0",
      "karma-jasmine": "~4.0.0",
      "karma-jasmine-html-reporter": "~1.7.0",
      "typescript": "~4.5.2",
      "@types/lodash-es": "^4.17.0"
    }
  }

yarn manifest: 
  No manifest

Lockfile: 
  No lockfile
